2018/08/05 16:15:19 [error] [exception.CHttpException.404] CHttpException: The system is unable to find the requested action "message-save". in /Users/rsa/software/yii/framework/web/CController.php:486
Stack trace:
#0 /Users/rsa/software/yii/framework/web/CController.php(270): CController->missingAction('message-save')
#1 /Users/rsa/software/yii/framework/web/CWebApplication.php(282): CController->run('message-save')
#2 /Users/rsa/software/yii/framework/web/CWebApplication.php(141): CWebApplication->runController('site/message-sa...')
#3 /Users/rsa/software/yii/framework/base/CApplication.php(185): CWebApplication->processRequest()
#4 /Users/rsa/Documents/lab/web/flight/index.php(13): CApplication->run()
#5 /Users/rsa/.composer/vendor/laravel/valet/server.php(133): require('/Users/rsa/Docu...')
#6 {main}
REQUEST_URI=/index.php?r=site/message-save
HTTP_REFERER=http://flight.test/
---
2018/08/05 16:15:58 [error] [exception.CHttpException.404] CHttpException: The system is unable to find the requested action "message-save". in /Users/rsa/software/yii/framework/web/CController.php:486
Stack trace:
#0 /Users/rsa/software/yii/framework/web/CController.php(270): CController->missingAction('message-save')
#1 /Users/rsa/software/yii/framework/web/CWebApplication.php(282): CController->run('message-save')
#2 /Users/rsa/software/yii/framework/web/CWebApplication.php(141): CWebApplication->runController('site/message-sa...')
#3 /Users/rsa/software/yii/framework/base/CApplication.php(185): CWebApplication->processRequest()
#4 /Users/rsa/Documents/lab/web/flight/index.php(13): CApplication->run()
#5 /Users/rsa/.composer/vendor/laravel/valet/server.php(133): require('/Users/rsa/Docu...')
#6 {main}
REQUEST_URI=/index.php?r=site/message-save
HTTP_REFERER=http://flight.test/
---
2018/08/05 16:16:06 [error] [exception.CHttpException.404] CHttpException: The system is unable to find the requested action "message-save". in /Users/rsa/software/yii/framework/web/CController.php:486
Stack trace:
#0 /Users/rsa/software/yii/framework/web/CController.php(270): CController->missingAction('message-save')
#1 /Users/rsa/software/yii/framework/web/CWebApplication.php(282): CController->run('message-save')
#2 /Users/rsa/software/yii/framework/web/CWebApplication.php(141): CWebApplication->runController('site/message-sa...')
#3 /Users/rsa/software/yii/framework/base/CApplication.php(185): CWebApplication->processRequest()
#4 /Users/rsa/Documents/lab/web/flight/index.php(13): CApplication->run()
#5 /Users/rsa/.composer/vendor/laravel/valet/server.php(133): require('/Users/rsa/Docu...')
#6 {main}
REQUEST_URI=/index.php?r=site/message-save
HTTP_REFERER=http://flight.test/
---
2018/08/05 16:17:42 [error] [exception.Error] Error: Access to undeclared static property: Yii::$app in /Users/rsa/Documents/lab/web/flight/protected/controllers/SiteController.php:111
Stack trace:
#0 /Users/rsa/software/yii/framework/web/actions/CInlineAction.php(49): SiteController->actionMessageSave()
#1 /Users/rsa/software/yii/framework/web/CController.php(308): CInlineAction->runWithParams(Array)
#2 /Users/rsa/software/yii/framework/web/CController.php(286): CController->runAction(Object(CInlineAction))
#3 /Users/rsa/software/yii/framework/web/CController.php(265): CController->runActionWithFilters(Object(CInlineAction), Array)
#4 /Users/rsa/software/yii/framework/web/CWebApplication.php(282): CController->run('messageSave')
#5 /Users/rsa/software/yii/framework/web/CWebApplication.php(141): CWebApplication->runController('site/messageSav...')
#6 /Users/rsa/software/yii/framework/base/CApplication.php(185): CWebApplication->processRequest()
#7 /Users/rsa/Documents/lab/web/flight/index.php(13): CApplication->run()
#8 /Users/rsa/.composer/vendor/laravel/valet/server.php(133): require('/Users/rsa/Docu...')
#9 {main}
REQUEST_URI=/index.php?r=site/messageSave
HTTP_REFERER=http://flight.test/
---
2018/08/06 03:06:29 [error] [php] Undefined index: message (/Users/rsa/Documents/lab/web/flight/protected/controllers/SiteController.php:6)
Stack trace:
#0 /Users/rsa/software/yii/framework/web/CController.php(286): SiteController->runAction()
#1 /Users/rsa/software/yii/framework/web/CController.php(265): SiteController->runActionWithFilters()
#2 /Users/rsa/software/yii/framework/web/CWebApplication.php(282): SiteController->run()
#3 /Users/rsa/software/yii/framework/web/CWebApplication.php(141): CWebApplication->runController()
#4 /Users/rsa/software/yii/framework/base/CApplication.php(185): CWebApplication->processRequest()
#5 /Users/rsa/Documents/lab/web/flight/index.php(13): CWebApplication->run()
#6 /Users/rsa/.composer/vendor/laravel/valet/server.php(133): require()
REQUEST_URI=/index.php?r=site/messageSave
in /Users/rsa/Documents/lab/web/flight/protected/controllers/SiteController.php (6)
in /Users/rsa/Documents/lab/web/flight/index.php (13)
in /Users/rsa/.composer/vendor/laravel/valet/server.php (133)
2018/08/06 03:07:11 [error] [php] Undefined index: message (/Users/rsa/Documents/lab/web/flight/protected/controllers/SiteController.php:6)
Stack trace:
#0 /Users/rsa/software/yii/framework/web/CController.php(286): SiteController->runAction()
#1 /Users/rsa/software/yii/framework/web/CController.php(265): SiteController->runActionWithFilters()
#2 /Users/rsa/software/yii/framework/web/CWebApplication.php(282): SiteController->run()
#3 /Users/rsa/software/yii/framework/web/CWebApplication.php(141): CWebApplication->runController()
#4 /Users/rsa/software/yii/framework/base/CApplication.php(185): CWebApplication->processRequest()
#5 /Users/rsa/Documents/lab/web/flight/index.php(13): CWebApplication->run()
#6 /Users/rsa/.composer/vendor/laravel/valet/server.php(133): require()
REQUEST_URI=/index.php?r=site/messageSave
in /Users/rsa/Documents/lab/web/flight/protected/controllers/SiteController.php (6)
in /Users/rsa/Documents/lab/web/flight/index.php (13)
in /Users/rsa/.composer/vendor/laravel/valet/server.php (133)
2018/08/06 03:07:27 [error] [php] Undefined index: message (/Users/rsa/Documents/lab/web/flight/protected/controllers/SiteController.php:6)
Stack trace:
#0 /Users/rsa/software/yii/framework/web/CController.php(286): SiteController->runAction()
#1 /Users/rsa/software/yii/framework/web/CController.php(265): SiteController->runActionWithFilters()
#2 /Users/rsa/software/yii/framework/web/CWebApplication.php(282): SiteController->run()
#3 /Users/rsa/software/yii/framework/web/CWebApplication.php(141): CWebApplication->runController()
#4 /Users/rsa/software/yii/framework/base/CApplication.php(185): CWebApplication->processRequest()
#5 /Users/rsa/Documents/lab/web/flight/index.php(13): CWebApplication->run()
#6 /Users/rsa/.composer/vendor/laravel/valet/server.php(133): require()
REQUEST_URI=/index.php?r=site/messageSave
in /Users/rsa/Documents/lab/web/flight/protected/controllers/SiteController.php (6)
in /Users/rsa/Documents/lab/web/flight/index.php (13)
in /Users/rsa/.composer/vendor/laravel/valet/server.php (133)
2018/08/06 04:19:39 [error] [exception.ParseError] ParseError: syntax error, unexpected '}' in /Users/rsa/Documents/lab/web/flight/protected/controllers/SiteController.php:12
Stack trace:
#0 /Users/rsa/software/yii/framework/web/CWebApplication.php(276): CWebApplication->createController('')
#1 /Users/rsa/software/yii/framework/web/CWebApplication.php(141): CWebApplication->runController('')
#2 /Users/rsa/software/yii/framework/base/CApplication.php(185): CWebApplication->processRequest()
#3 /Users/rsa/Documents/lab/web/flight/index.php(13): CApplication->run()
#4 /Users/rsa/.composer/vendor/laravel/valet/server.php(133): require('/Users/rsa/Docu...')
#5 {main}
REQUEST_URI=/
---
2018/08/06 04:19:40 [error] [exception.ParseError] ParseError: syntax error, unexpected '}' in /Users/rsa/Documents/lab/web/flight/protected/controllers/SiteController.php:12
Stack trace:
#0 /Users/rsa/software/yii/framework/web/CWebApplication.php(276): CWebApplication->createController('')
#1 /Users/rsa/software/yii/framework/web/CWebApplication.php(141): CWebApplication->runController('')
#2 /Users/rsa/software/yii/framework/base/CApplication.php(185): CWebApplication->processRequest()
#3 /Users/rsa/Documents/lab/web/flight/index.php(13): CApplication->run()
#4 /Users/rsa/.composer/vendor/laravel/valet/server.php(133): require('/Users/rsa/Docu...')
#5 {main}
REQUEST_URI=/favicon.ico
HTTP_REFERER=http://flight.test/
---
2018/08/06 04:29:53 [error] [exception.ParseError] ParseError: syntax error, unexpected '}' in /Users/rsa/Documents/lab/web/flight/protected/controllers/SiteController.php:11
Stack trace:
#0 /Users/rsa/software/yii/framework/web/CWebApplication.php(276): CWebApplication->createController('messageSave/')
#1 /Users/rsa/software/yii/framework/web/CWebApplication.php(141): CWebApplication->runController('site/messageSav...')
#2 /Users/rsa/software/yii/framework/base/CApplication.php(185): CWebApplication->processRequest()
#3 /Users/rsa/Documents/lab/web/flight/index.php(13): CApplication->run()
#4 /Users/rsa/.composer/vendor/laravel/valet/server.php(133): require('/Users/rsa/Docu...')
#5 {main}
REQUEST_URI=/index.php?r=site/messageSave
---
2018/08/06 04:29:54 [error] [exception.ParseError] ParseError: syntax error, unexpected '}' in /Users/rsa/Documents/lab/web/flight/protected/controllers/SiteController.php:11
Stack trace:
#0 /Users/rsa/software/yii/framework/web/CWebApplication.php(276): CWebApplication->createController('')
#1 /Users/rsa/software/yii/framework/web/CWebApplication.php(141): CWebApplication->runController('')
#2 /Users/rsa/software/yii/framework/base/CApplication.php(185): CWebApplication->processRequest()
#3 /Users/rsa/Documents/lab/web/flight/index.php(13): CApplication->run()
#4 /Users/rsa/.composer/vendor/laravel/valet/server.php(133): require('/Users/rsa/Docu...')
#5 {main}
REQUEST_URI=/favicon.ico
HTTP_REFERER=http://flight.test/index.php?r=site/messageSave
---
2018/08/06 04:29:59 [error] [exception.ParseError] ParseError: syntax error, unexpected '}' in /Users/rsa/Documents/lab/web/flight/protected/controllers/SiteController.php:11
Stack trace:
#0 /Users/rsa/software/yii/framework/web/CWebApplication.php(276): CWebApplication->createController('')
#1 /Users/rsa/software/yii/framework/web/CWebApplication.php(141): CWebApplication->runController('')
#2 /Users/rsa/software/yii/framework/base/CApplication.php(185): CWebApplication->processRequest()
#3 /Users/rsa/Documents/lab/web/flight/index.php(13): CApplication->run()
#4 /Users/rsa/.composer/vendor/laravel/valet/server.php(133): require('/Users/rsa/Docu...')
#5 {main}
REQUEST_URI=/index.php
---
2018/08/06 04:29:59 [error] [exception.ParseError] ParseError: syntax error, unexpected '}' in /Users/rsa/Documents/lab/web/flight/protected/controllers/SiteController.php:11
Stack trace:
#0 /Users/rsa/software/yii/framework/web/CWebApplication.php(276): CWebApplication->createController('')
#1 /Users/rsa/software/yii/framework/web/CWebApplication.php(141): CWebApplication->runController('')
#2 /Users/rsa/software/yii/framework/base/CApplication.php(185): CWebApplication->processRequest()
#3 /Users/rsa/Documents/lab/web/flight/index.php(13): CApplication->run()
#4 /Users/rsa/.composer/vendor/laravel/valet/server.php(133): require('/Users/rsa/Docu...')
#5 {main}
REQUEST_URI=/favicon.ico
HTTP_REFERER=http://flight.test/index.php
---
2018/08/06 08:32:07 [error] [php] Undefined variable: message (/Users/rsa/Documents/lab/web/flight/protected/controllers/SiteController.php:155)
Stack trace:
#0 /Users/rsa/software/yii/framework/web/CController.php(308): CInlineAction->runWithParams()
#1 /Users/rsa/software/yii/framework/web/CController.php(286): SiteController->runAction()
#2 /Users/rsa/software/yii/framework/web/CController.php(265): SiteController->runActionWithFilters()
#3 /Users/rsa/software/yii/framework/web/CWebApplication.php(282): SiteController->run()
#4 /Users/rsa/software/yii/framework/web/CWebApplication.php(141): CWebApplication->runController()
#5 /Users/rsa/software/yii/framework/base/CApplication.php(185): CWebApplication->processRequest()
#6 /Users/rsa/Documents/lab/web/flight/index.php(13): CWebApplication->run()
#7 /Users/rsa/.composer/vendor/laravel/valet/server.php(133): require()
REQUEST_URI=/index.php?r=site/messageSave
in /Users/rsa/Documents/lab/web/flight/protected/controllers/SiteController.php (155)
in /Users/rsa/Documents/lab/web/flight/protected/controllers/SiteController.php (11)
in /Users/rsa/Documents/lab/web/flight/index.php (13)
2018/08/06 08:33:12 [error] [php] Undefined variable: message (/Users/rsa/Documents/lab/web/flight/protected/controllers/SiteController.php:155)
Stack trace:
#0 /Users/rsa/software/yii/framework/web/CController.php(308): CInlineAction->runWithParams()
#1 /Users/rsa/software/yii/framework/web/CController.php(286): SiteController->runAction()
#2 /Users/rsa/software/yii/framework/web/CController.php(265): SiteController->runActionWithFilters()
#3 /Users/rsa/software/yii/framework/web/CWebApplication.php(282): SiteController->run()
#4 /Users/rsa/software/yii/framework/web/CWebApplication.php(141): CWebApplication->runController()
#5 /Users/rsa/software/yii/framework/base/CApplication.php(185): CWebApplication->processRequest()
#6 /Users/rsa/Documents/lab/web/flight/index.php(13): CWebApplication->run()
#7 /Users/rsa/.composer/vendor/laravel/valet/server.php(133): require()
REQUEST_URI=/index.php?r=site/messageSave
in /Users/rsa/Documents/lab/web/flight/protected/controllers/SiteController.php (155)
in /Users/rsa/Documents/lab/web/flight/protected/controllers/SiteController.php (11)
in /Users/rsa/Documents/lab/web/flight/index.php (13)
2018/08/06 08:33:39 [error] [exception.CException] CException: CDbCommand and its behaviors do not have a method or closure named "queryCount". in /Users/rsa/software/yii/framework/base/CComponent.php:266
Stack trace:
#0 /Users/rsa/Documents/lab/web/flight/protected/controllers/SiteController.php(156): CComponent->__call('queryCount', Array)
#1 /Users/rsa/Documents/lab/web/flight/protected/controllers/SiteController.php(11): SiteController->saveMessage('estimated time ...', '{"airlineCode":...')
#2 /Users/rsa/software/yii/framework/web/actions/CInlineAction.php(49): SiteController->actionMessageSave()
#3 /Users/rsa/software/yii/framework/web/CController.php(308): CInlineAction->runWithParams(Array)
#4 /Users/rsa/software/yii/framework/web/CController.php(286): CController->runAction(Object(CInlineAction))
#5 /Users/rsa/software/yii/framework/web/CController.php(265): CController->runActionWithFilters(Object(CInlineAction), Array)
#6 /Users/rsa/software/yii/framework/web/CWebApplication.php(282): CController->run('messageSave')
#7 /Users/rsa/software/yii/framework/web/CWebApplication.php(141): CWebApplication->runController('site/messageSav...')
#8 /Users/rsa/software/yii/framework/base/CApplication.php(185): CWebApplication->processRequest()
#9 /Users/rsa/Documents/lab/web/flight/index.php(13): CApplication->run()
#10 /Users/rsa/.composer/vendor/laravel/valet/server.php(133): require('/Users/rsa/Docu...')
#11 {main}
REQUEST_URI=/index.php?r=site/messageSave
HTTP_REFERER=http://flight.test/
---
2018/08/06 08:34:01 [error] [system.db.CDbCommand] CDbCommand::fetch() failed: SQLSTATE[HY093]: Invalid parameter number: number of bound variables does not match number of tokens. The SQL statement executed was: SELECT count(*)
FROM `messages` `m`
WHERE m.message=:message.
in /Users/rsa/Documents/lab/web/flight/protected/controllers/SiteController.php (156)
in /Users/rsa/Documents/lab/web/flight/protected/controllers/SiteController.php (11)
in /Users/rsa/Documents/lab/web/flight/index.php (13)
2018/08/06 08:34:01 [error] [exception.CDbException] CDbException: CDbCommand failed to execute the SQL statement: SQLSTATE[HY093]: Invalid parameter number: number of bound variables does not match number of tokens. The SQL statement executed was: SELECT count(*)
FROM `messages` `m`
WHERE m.message=:message in /Users/rsa/software/yii/framework/db/CDbCommand.php:543
Stack trace:
#0 /Users/rsa/software/yii/framework/db/CDbCommand.php(415): CDbCommand->queryInternal('fetch', Array, Array)
#1 /Users/rsa/Documents/lab/web/flight/protected/controllers/SiteController.php(156): CDbCommand->queryRow()
#2 /Users/rsa/Documents/lab/web/flight/protected/controllers/SiteController.php(11): SiteController->saveMessage('estimated time ...', '{"airlineCode":...')
#3 /Users/rsa/software/yii/framework/web/actions/CInlineAction.php(49): SiteController->actionMessageSave()
#4 /Users/rsa/software/yii/framework/web/CController.php(308): CInlineAction->runWithParams(Array)
#5 /Users/rsa/software/yii/framework/web/CController.php(286): CController->runAction(Object(CInlineAction))
#6 /Users/rsa/software/yii/framework/web/CController.php(265): CController->runActionWithFilters(Object(CInlineAction), Array)
#7 /Users/rsa/software/yii/framework/web/CWebApplication.php(282): CController->run('messageSave')
#8 /Users/rsa/software/yii/framework/web/CWebApplication.php(141): CWebApplication->runController('site/messageSav...')
#9 /Users/rsa/software/yii/framework/base/CApplication.php(185): CWebApplication->processRequest()
#10 /Users/rsa/Documents/lab/web/flight/index.php(13): CApplication->run()
#11 /Users/rsa/.composer/vendor/laravel/valet/server.php(133): require('/Users/rsa/Docu...')
#12 {main}
REQUEST_URI=/index.php?r=site/messageSave
HTTP_REFERER=http://flight.test/
---
2018/08/06 08:35:27 [error] [system.db.CDbCommand] CDbCommand::fetchAll() failed: SQLSTATE[HY093]: Invalid parameter number: number of bound variables does not match number of tokens. The SQL statement executed was: SELECT count(*)
FROM `messages` `m`
WHERE m.message=:message.
in /Users/rsa/Documents/lab/web/flight/protected/controllers/SiteController.php (156)
in /Users/rsa/Documents/lab/web/flight/protected/controllers/SiteController.php (11)
in /Users/rsa/Documents/lab/web/flight/index.php (13)
2018/08/06 08:35:27 [error] [exception.CDbException] CDbException: CDbCommand failed to execute the SQL statement: SQLSTATE[HY093]: Invalid parameter number: number of bound variables does not match number of tokens. The SQL statement executed was: SELECT count(*)
FROM `messages` `m`
WHERE m.message=:message in /Users/rsa/software/yii/framework/db/CDbCommand.php:543
Stack trace:
#0 /Users/rsa/software/yii/framework/db/CDbCommand.php(396): CDbCommand->queryInternal('fetchAll', Array, Array)
#1 /Users/rsa/Documents/lab/web/flight/protected/controllers/SiteController.php(156): CDbCommand->queryAll()
#2 /Users/rsa/Documents/lab/web/flight/protected/controllers/SiteController.php(11): SiteController->saveMessage('estimated time ...', '{"airlineCode":...')
#3 /Users/rsa/software/yii/framework/web/actions/CInlineAction.php(49): SiteController->actionMessageSave()
#4 /Users/rsa/software/yii/framework/web/CController.php(308): CInlineAction->runWithParams(Array)
#5 /Users/rsa/software/yii/framework/web/CController.php(286): CController->runAction(Object(CInlineAction))
#6 /Users/rsa/software/yii/framework/web/CController.php(265): CController->runActionWithFilters(Object(CInlineAction), Array)
#7 /Users/rsa/software/yii/framework/web/CWebApplication.php(282): CController->run('messageSave')
#8 /Users/rsa/software/yii/framework/web/CWebApplication.php(141): CWebApplication->runController('site/messageSav...')
#9 /Users/rsa/software/yii/framework/base/CApplication.php(185): CWebApplication->processRequest()
#10 /Users/rsa/Documents/lab/web/flight/index.php(13): CApplication->run()
#11 /Users/rsa/.composer/vendor/laravel/valet/server.php(133): require('/Users/rsa/Docu...')
#12 {main}
REQUEST_URI=/index.php?r=site/messageSave
HTTP_REFERER=http://flight.test/
---
2018/08/06 08:44:04 [error] [exception.ParseError] ParseError: syntax error, unexpected ';', expecting ')' in /Users/rsa/Documents/lab/web/flight/protected/controllers/SiteController.php:161
Stack trace:
#0 /Users/rsa/software/yii/framework/web/CWebApplication.php(276): CWebApplication->createController('')
#1 /Users/rsa/software/yii/framework/web/CWebApplication.php(141): CWebApplication->runController('')
#2 /Users/rsa/software/yii/framework/base/CApplication.php(185): CWebApplication->processRequest()
#3 /Users/rsa/Documents/lab/web/flight/index.php(13): CApplication->run()
#4 /Users/rsa/.composer/vendor/laravel/valet/server.php(133): require('/Users/rsa/Docu...')
#5 {main}
REQUEST_URI=/
---
2018/08/06 08:44:04 [error] [exception.ParseError] ParseError: syntax error, unexpected ';', expecting ')' in /Users/rsa/Documents/lab/web/flight/protected/controllers/SiteController.php:161
Stack trace:
#0 /Users/rsa/software/yii/framework/web/CWebApplication.php(276): CWebApplication->createController('')
#1 /Users/rsa/software/yii/framework/web/CWebApplication.php(141): CWebApplication->runController('')
#2 /Users/rsa/software/yii/framework/base/CApplication.php(185): CWebApplication->processRequest()
#3 /Users/rsa/Documents/lab/web/flight/index.php(13): CApplication->run()
#4 /Users/rsa/.composer/vendor/laravel/valet/server.php(133): require('/Users/rsa/Docu...')
#5 {main}
REQUEST_URI=/favicon.ico
HTTP_REFERER=http://flight.test/
---
2018/08/06 08:44:21 [error] [php] Undefined variable: command (/Users/rsa/Documents/lab/web/flight/protected/controllers/SiteController.php:158)
Stack trace:
#0 /Users/rsa/software/yii/framework/web/CController.php(308): CInlineAction->runWithParams()
#1 /Users/rsa/software/yii/framework/web/CController.php(286): SiteController->runAction()
#2 /Users/rsa/software/yii/framework/web/CController.php(265): SiteController->runActionWithFilters()
#3 /Users/rsa/software/yii/framework/web/CWebApplication.php(282): SiteController->run()
#4 /Users/rsa/software/yii/framework/web/CWebApplication.php(141): CWebApplication->runController()
#5 /Users/rsa/software/yii/framework/base/CApplication.php(185): CWebApplication->processRequest()
#6 /Users/rsa/Documents/lab/web/flight/index.php(13): CWebApplication->run()
#7 /Users/rsa/.composer/vendor/laravel/valet/server.php(133): require()
REQUEST_URI=/index.php?r=site/messageSave
in /Users/rsa/Documents/lab/web/flight/protected/controllers/SiteController.php (158)
in /Users/rsa/Documents/lab/web/flight/protected/controllers/SiteController.php (11)
in /Users/rsa/Documents/lab/web/flight/index.php (13)
2018/08/06 08:44:32 [error] [php] Undefined variable: command (/Users/rsa/Documents/lab/web/flight/protected/controllers/SiteController.php:158)
Stack trace:
#0 /Users/rsa/software/yii/framework/web/CController.php(308): CInlineAction->runWithParams()
#1 /Users/rsa/software/yii/framework/web/CController.php(286): SiteController->runAction()
#2 /Users/rsa/software/yii/framework/web/CController.php(265): SiteController->runActionWithFilters()
#3 /Users/rsa/software/yii/framework/web/CWebApplication.php(282): SiteController->run()
#4 /Users/rsa/software/yii/framework/web/CWebApplication.php(141): CWebApplication->runController()
#5 /Users/rsa/software/yii/framework/base/CApplication.php(185): CWebApplication->processRequest()
#6 /Users/rsa/Documents/lab/web/flight/index.php(13): CWebApplication->run()
#7 /Users/rsa/.composer/vendor/laravel/valet/server.php(133): require()
REQUEST_URI=/index.php?r=site/messageSave
in /Users/rsa/Documents/lab/web/flight/protected/controllers/SiteController.php (158)
in /Users/rsa/Documents/lab/web/flight/protected/controllers/SiteController.php (11)
in /Users/rsa/Documents/lab/web/flight/index.php (13)
2018/08/06 08:45:46 [error] [php] date() expects at least 1 parameter, 0 given (/Users/rsa/Documents/lab/web/flight/protected/controllers/SiteController.php:162)
Stack trace:
#0 /Users/rsa/software/yii/framework/web/actions/CInlineAction.php(49): SiteController->actionMessageSave()
#1 /Users/rsa/software/yii/framework/web/CController.php(308): CInlineAction->runWithParams()
#2 /Users/rsa/software/yii/framework/web/CController.php(286): SiteController->runAction()
#3 /Users/rsa/software/yii/framework/web/CController.php(265): SiteController->runActionWithFilters()
#4 /Users/rsa/software/yii/framework/web/CWebApplication.php(282): SiteController->run()
#5 /Users/rsa/software/yii/framework/web/CWebApplication.php(141): CWebApplication->runController()
#6 /Users/rsa/software/yii/framework/base/CApplication.php(185): CWebApplication->processRequest()
#7 /Users/rsa/Documents/lab/web/flight/index.php(13): CWebApplication->run()
#8 /Users/rsa/.composer/vendor/laravel/valet/server.php(133): require()
REQUEST_URI=/index.php?r=site/messageSave
in /Users/rsa/Documents/lab/web/flight/protected/controllers/SiteController.php (162)
in /Users/rsa/Documents/lab/web/flight/protected/controllers/SiteController.php (11)
in /Users/rsa/Documents/lab/web/flight/index.php (13)
2018/08/06 09:19:42 [error] [php] Illegal string offset 'error' (/Users/rsa/Documents/lab/web/flight/protected/controllers/SiteController.php:13)
Stack trace:
#0 /Users/rsa/Documents/lab/web/yii/framework/web/CController.php(286): SiteController->runAction()
#1 /Users/rsa/Documents/lab/web/yii/framework/web/CController.php(265): SiteController->runActionWithFilters()
#2 /Users/rsa/Documents/lab/web/yii/framework/web/CWebApplication.php(282): SiteController->run()
#3 /Users/rsa/Documents/lab/web/yii/framework/web/CWebApplication.php(141): CWebApplication->runController()
#4 /Users/rsa/Documents/lab/web/yii/framework/base/CApplication.php(185): CWebApplication->processRequest()
#5 /Users/rsa/Documents/lab/web/flight/index.php(13): CWebApplication->run()
#6 /Users/rsa/.composer/vendor/laravel/valet/server.php(133): require()
REQUEST_URI=/index.php?r=site/messageSave
in /Users/rsa/Documents/lab/web/flight/protected/controllers/SiteController.php (13)
in /Users/rsa/Documents/lab/web/flight/index.php (13)
in /Users/rsa/.composer/vendor/laravel/valet/server.php (133)
2018/08/06 09:19:53 [error] [php] Undefined index: message (/Users/rsa/Documents/lab/web/flight/protected/controllers/SiteController.php:7)
Stack trace:
#0 /Users/rsa/Documents/lab/web/yii/framework/web/CController.php(286): SiteController->runAction()
#1 /Users/rsa/Documents/lab/web/yii/framework/web/CController.php(265): SiteController->runActionWithFilters()
#2 /Users/rsa/Documents/lab/web/yii/framework/web/CWebApplication.php(282): SiteController->run()
#3 /Users/rsa/Documents/lab/web/yii/framework/web/CWebApplication.php(141): CWebApplication->runController()
#4 /Users/rsa/Documents/lab/web/yii/framework/base/CApplication.php(185): CWebApplication->processRequest()
#5 /Users/rsa/Documents/lab/web/flight/index.php(13): CWebApplication->run()
#6 /Users/rsa/.composer/vendor/laravel/valet/server.php(133): require()
REQUEST_URI=/index.php?r=site/messageSave
in /Users/rsa/Documents/lab/web/flight/protected/controllers/SiteController.php (7)
in /Users/rsa/Documents/lab/web/flight/index.php (13)
in /Users/rsa/.composer/vendor/laravel/valet/server.php (133)
2018/08/06 09:21:48 [error] [php] Illegal string offset 'error' (/Users/rsa/Documents/lab/web/flight/protected/controllers/SiteController.php:13)
Stack trace:
#0 /Users/rsa/Documents/lab/web/yii/framework/web/CController.php(286): SiteController->runAction()
#1 /Users/rsa/Documents/lab/web/yii/framework/web/CController.php(265): SiteController->runActionWithFilters()
#2 /Users/rsa/Documents/lab/web/yii/framework/web/CWebApplication.php(282): SiteController->run()
#3 /Users/rsa/Documents/lab/web/yii/framework/web/CWebApplication.php(141): CWebApplication->runController()
#4 /Users/rsa/Documents/lab/web/yii/framework/base/CApplication.php(185): CWebApplication->processRequest()
#5 /Users/rsa/Documents/lab/web/flight/index.php(13): CWebApplication->run()
#6 /Users/rsa/.composer/vendor/laravel/valet/server.php(133): require()
REQUEST_URI=/index.php?r=site/messageSave
in /Users/rsa/Documents/lab/web/flight/protected/controllers/SiteController.php (13)
in /Users/rsa/Documents/lab/web/flight/index.php (13)
in /Users/rsa/.composer/vendor/laravel/valet/server.php (133)
2018/08/06 09:23:20 [error] [exception.Error] Error: Cannot use object of type stdClass as array in /Users/rsa/Documents/lab/web/flight/protected/controllers/SiteController.php:14
Stack trace:
#0 /Users/rsa/Documents/lab/web/yii/framework/web/actions/CInlineAction.php(49): SiteController->actionMessageSave()
#1 /Users/rsa/Documents/lab/web/yii/framework/web/CController.php(308): CInlineAction->runWithParams(Array)
#2 /Users/rsa/Documents/lab/web/yii/framework/web/CController.php(286): CController->runAction(Object(CInlineAction))
#3 /Users/rsa/Documents/lab/web/yii/framework/web/CController.php(265): CController->runActionWithFilters(Object(CInlineAction), Array)
#4 /Users/rsa/Documents/lab/web/yii/framework/web/CWebApplication.php(282): CController->run('messageSave')
#5 /Users/rsa/Documents/lab/web/yii/framework/web/CWebApplication.php(141): CWebApplication->runController('site/messageSav...')
#6 /Users/rsa/Documents/lab/web/yii/framework/base/CApplication.php(185): CWebApplication->processRequest()
#7 /Users/rsa/Documents/lab/web/flight/index.php(13): CApplication->run()
#8 /Users/rsa/.composer/vendor/laravel/valet/server.php(133): require('/Users/rsa/Docu...')
#9 {main}
REQUEST_URI=/index.php?r=site/messageSave
HTTP_REFERER=http://flight.test/
---
2018/08/06 09:37:04 [error] [php] Undefined index: message (/Users/rsa/Documents/lab/web/mvt/flight/protected/controllers/SiteController.php:7)
Stack trace:
#0 /Users/rsa/Documents/lab/web/mvt/yii/framework/web/CController.php(286): SiteController->runAction()
#1 /Users/rsa/Documents/lab/web/mvt/yii/framework/web/CController.php(265): SiteController->runActionWithFilters()
#2 /Users/rsa/Documents/lab/web/mvt/yii/framework/web/CWebApplication.php(282): SiteController->run()
#3 /Users/rsa/Documents/lab/web/mvt/yii/framework/web/CWebApplication.php(141): CWebApplication->runController()
#4 /Users/rsa/Documents/lab/web/mvt/yii/framework/base/CApplication.php(185): CWebApplication->processRequest()
#5 /Users/rsa/Documents/lab/web/mvt/flight/index.php(13): CWebApplication->run()
#6 /Users/rsa/.composer/vendor/laravel/valet/server.php(133): require()
REQUEST_URI=/index.php?r=site/messageSave
in /Users/rsa/Documents/lab/web/mvt/flight/protected/controllers/SiteController.php (7)
in /Users/rsa/Documents/lab/web/mvt/flight/index.php (13)
in /Users/rsa/.composer/vendor/laravel/valet/server.php (133)
2018/08/06 09:37:18 [error] [php] Undefined index: message (/Users/rsa/Documents/lab/web/mvt/flight/protected/controllers/SiteController.php:7)
Stack trace:
#0 /Users/rsa/Documents/lab/web/mvt/yii/framework/web/CController.php(286): SiteController->runAction()
#1 /Users/rsa/Documents/lab/web/mvt/yii/framework/web/CController.php(265): SiteController->runActionWithFilters()
#2 /Users/rsa/Documents/lab/web/mvt/yii/framework/web/CWebApplication.php(282): SiteController->run()
#3 /Users/rsa/Documents/lab/web/mvt/yii/framework/web/CWebApplication.php(141): CWebApplication->runController()
#4 /Users/rsa/Documents/lab/web/mvt/yii/framework/base/CApplication.php(185): CWebApplication->processRequest()
#5 /Users/rsa/Documents/lab/web/mvt/flight/index.php(13): CWebApplication->run()
#6 /Users/rsa/.composer/vendor/laravel/valet/server.php(133): require()
REQUEST_URI=/index.php?r=site/messageSave
in /Users/rsa/Documents/lab/web/mvt/flight/protected/controllers/SiteController.php (7)
in /Users/rsa/Documents/lab/web/mvt/flight/index.php (13)
in /Users/rsa/.composer/vendor/laravel/valet/server.php (133)
2018/08/06 09:37:21 [error] [php] Undefined index: message (/Users/rsa/Documents/lab/web/mvt/flight/protected/controllers/SiteController.php:7)
Stack trace:
#0 /Users/rsa/Documents/lab/web/mvt/yii/framework/web/CController.php(286): SiteController->runAction()
#1 /Users/rsa/Documents/lab/web/mvt/yii/framework/web/CController.php(265): SiteController->runActionWithFilters()
#2 /Users/rsa/Documents/lab/web/mvt/yii/framework/web/CWebApplication.php(282): SiteController->run()
#3 /Users/rsa/Documents/lab/web/mvt/yii/framework/web/CWebApplication.php(141): CWebApplication->runController()
#4 /Users/rsa/Documents/lab/web/mvt/yii/framework/base/CApplication.php(185): CWebApplication->processRequest()
#5 /Users/rsa/Documents/lab/web/mvt/flight/index.php(13): CWebApplication->run()
#6 /Users/rsa/.composer/vendor/laravel/valet/server.php(133): require()
REQUEST_URI=/index.php?r=site/messageSave
in /Users/rsa/Documents/lab/web/mvt/flight/protected/controllers/SiteController.php (7)
in /Users/rsa/Documents/lab/web/mvt/flight/index.php (13)
in /Users/rsa/.composer/vendor/laravel/valet/server.php (133)
2018/08/06 09:38:14 [error] [php] Undefined index: message (/Users/rsa/Documents/lab/web/mvt/flight/protected/controllers/SiteController.php:7)
Stack trace:
#0 /Users/rsa/Documents/lab/web/mvt/yii/framework/web/CController.php(286): SiteController->runAction()
#1 /Users/rsa/Documents/lab/web/mvt/yii/framework/web/CController.php(265): SiteController->runActionWithFilters()
#2 /Users/rsa/Documents/lab/web/mvt/yii/framework/web/CWebApplication.php(282): SiteController->run()
#3 /Users/rsa/Documents/lab/web/mvt/yii/framework/web/CWebApplication.php(141): CWebApplication->runController()
#4 /Users/rsa/Documents/lab/web/mvt/yii/framework/base/CApplication.php(185): CWebApplication->processRequest()
#5 /Users/rsa/Documents/lab/web/mvt/flight/index.php(13): CWebApplication->run()
#6 /Users/rsa/.composer/vendor/laravel/valet/server.php(133): require()
REQUEST_URI=/index.php?r=site/messageSave
in /Users/rsa/Documents/lab/web/mvt/flight/protected/controllers/SiteController.php (7)
in /Users/rsa/Documents/lab/web/mvt/flight/index.php (13)
in /Users/rsa/.composer/vendor/laravel/valet/server.php (133)
2018/08/06 09:39:43 [error] [exception.ParseError] ParseError: syntax error, unexpected 'else' (T_ELSE), expecting function (T_FUNCTION) or const (T_CONST) in /Users/rsa/Documents/lab/web/mvt/flight/protected/controllers/SiteController.php:16
Stack trace:
#0 /Users/rsa/Documents/lab/web/mvt/yii/framework/web/CWebApplication.php(276): CWebApplication->createController('messageSave/')
#1 /Users/rsa/Documents/lab/web/mvt/yii/framework/web/CWebApplication.php(141): CWebApplication->runController('site/messageSav...')
#2 /Users/rsa/Documents/lab/web/mvt/yii/framework/base/CApplication.php(185): CWebApplication->processRequest()
#3 /Users/rsa/Documents/lab/web/mvt/flight/index.php(13): CApplication->run()
#4 /Users/rsa/.composer/vendor/laravel/valet/server.php(133): require('/Users/rsa/Docu...')
#5 {main}
REQUEST_URI=/index.php?r=site/messageSave
---
2018/08/06 10:55:17 [warning] [application] Failed to set unsafe attribute "type" of "Message".
in /Users/rsa/Documents/lab/web/mvt/flight/protected/controllers/SiteController.php (165)
in /Users/rsa/Documents/lab/web/mvt/flight/protected/controllers/SiteController.php (12)
in /Users/rsa/Documents/lab/web/mvt/flight/index.php (13)
2018/08/06 10:55:17 [warning] [application] Failed to set unsafe attribute "message" of "Message".
in /Users/rsa/Documents/lab/web/mvt/flight/protected/controllers/SiteController.php (165)
in /Users/rsa/Documents/lab/web/mvt/flight/protected/controllers/SiteController.php (12)
in /Users/rsa/Documents/lab/web/mvt/flight/index.php (13)
2018/08/06 10:55:17 [warning] [application] Failed to set unsafe attribute "date" of "Message".
in /Users/rsa/Documents/lab/web/mvt/flight/protected/controllers/SiteController.php (165)
in /Users/rsa/Documents/lab/web/mvt/flight/protected/controllers/SiteController.php (12)
in /Users/rsa/Documents/lab/web/mvt/flight/index.php (13)
2018/08/06 10:55:37 [warning] [application] Failed to set unsafe attribute "type" of "Message".
in /Users/rsa/Documents/lab/web/mvt/flight/protected/controllers/SiteController.php (165)
in /Users/rsa/Documents/lab/web/mvt/flight/protected/controllers/SiteController.php (12)
in /Users/rsa/Documents/lab/web/mvt/flight/index.php (13)
2018/08/06 10:55:37 [warning] [application] Failed to set unsafe attribute "message" of "Message".
in /Users/rsa/Documents/lab/web/mvt/flight/protected/controllers/SiteController.php (165)
in /Users/rsa/Documents/lab/web/mvt/flight/protected/controllers/SiteController.php (12)
in /Users/rsa/Documents/lab/web/mvt/flight/index.php (13)
2018/08/06 10:55:37 [warning] [application] Failed to set unsafe attribute "date" of "Message".
in /Users/rsa/Documents/lab/web/mvt/flight/protected/controllers/SiteController.php (165)
in /Users/rsa/Documents/lab/web/mvt/flight/protected/controllers/SiteController.php (12)
in /Users/rsa/Documents/lab/web/mvt/flight/index.php (13)
2018/08/06 10:55:37 [error] [exception.CException] CException: Message and its behaviors do not have a method or closure named "save". in /Users/rsa/Documents/lab/web/mvt/yii/framework/base/CComponent.php:266
Stack trace:
#0 /Users/rsa/Documents/lab/web/mvt/flight/protected/controllers/SiteController.php(166): CComponent->__call('save', Array)
#1 /Users/rsa/Documents/lab/web/mvt/flight/protected/controllers/SiteController.php(12): SiteController->saveMessage('estimated time ...', '{"airlineCode":...')
#2 /Users/rsa/Documents/lab/web/mvt/yii/framework/web/actions/CInlineAction.php(49): SiteController->actionMessageSave()
#3 /Users/rsa/Documents/lab/web/mvt/yii/framework/web/CController.php(308): CInlineAction->runWithParams(Array)
#4 /Users/rsa/Documents/lab/web/mvt/yii/framework/web/CController.php(286): CController->runAction(Object(CInlineAction))
#5 /Users/rsa/Documents/lab/web/mvt/yii/framework/web/CController.php(265): CController->runActionWithFilters(Object(CInlineAction), Array)
#6 /Users/rsa/Documents/lab/web/mvt/yii/framework/web/CWebApplication.php(282): CController->run('messageSave')
#7 /Users/rsa/Documents/lab/web/mvt/yii/framework/web/CWebApplication.php(141): CWebApplication->runController('site/messageSav...')
#8 /Users/rsa/Documents/lab/web/mvt/yii/framework/base/CApplication.php(185): CWebApplication->processRequest()
#9 /Users/rsa/Documents/lab/web/mvt/flight/index.php(13): CApplication->run()
#10 /Users/rsa/.composer/vendor/laravel/valet/server.php(133): require('/Users/rsa/Docu...')
#11 {main}
REQUEST_URI=/index.php?r=site/messageSave
HTTP_REFERER=http://flight.test/
---
2018/08/06 10:55:48 [warning] [application] Failed to set unsafe attribute "type" of "Message".
in /Users/rsa/Documents/lab/web/mvt/flight/protected/controllers/SiteController.php (165)
in /Users/rsa/Documents/lab/web/mvt/flight/protected/controllers/SiteController.php (12)
in /Users/rsa/Documents/lab/web/mvt/flight/index.php (13)
2018/08/06 10:55:48 [warning] [application] Failed to set unsafe attribute "message" of "Message".
in /Users/rsa/Documents/lab/web/mvt/flight/protected/controllers/SiteController.php (165)
in /Users/rsa/Documents/lab/web/mvt/flight/protected/controllers/SiteController.php (12)
in /Users/rsa/Documents/lab/web/mvt/flight/index.php (13)
2018/08/06 10:55:48 [warning] [application] Failed to set unsafe attribute "date" of "Message".
in /Users/rsa/Documents/lab/web/mvt/flight/protected/controllers/SiteController.php (165)
in /Users/rsa/Documents/lab/web/mvt/flight/protected/controllers/SiteController.php (12)
in /Users/rsa/Documents/lab/web/mvt/flight/index.php (13)
2018/08/06 10:55:48 [error] [exception.CException] CException: Message and its behaviors do not have a method or closure named "save". in /Users/rsa/Documents/lab/web/mvt/yii/framework/base/CComponent.php:266
Stack trace:
#0 /Users/rsa/Documents/lab/web/mvt/flight/protected/controllers/SiteController.php(166): CComponent->__call('save', Array)
#1 /Users/rsa/Documents/lab/web/mvt/flight/protected/controllers/SiteController.php(12): SiteController->saveMessage('estimated time ...', '{"airlineCode":...')
#2 /Users/rsa/Documents/lab/web/mvt/yii/framework/web/actions/CInlineAction.php(49): SiteController->actionMessageSave()
#3 /Users/rsa/Documents/lab/web/mvt/yii/framework/web/CController.php(308): CInlineAction->runWithParams(Array)
#4 /Users/rsa/Documents/lab/web/mvt/yii/framework/web/CController.php(286): CController->runAction(Object(CInlineAction))
#5 /Users/rsa/Documents/lab/web/mvt/yii/framework/web/CController.php(265): CController->runActionWithFilters(Object(CInlineAction), Array)
#6 /Users/rsa/Documents/lab/web/mvt/yii/framework/web/CWebApplication.php(282): CController->run('messageSave')
#7 /Users/rsa/Documents/lab/web/mvt/yii/framework/web/CWebApplication.php(141): CWebApplication->runController('site/messageSav...')
#8 /Users/rsa/Documents/lab/web/mvt/yii/framework/base/CApplication.php(185): CWebApplication->processRequest()
#9 /Users/rsa/Documents/lab/web/mvt/flight/index.php(13): CApplication->run()
#10 /Users/rsa/.composer/vendor/laravel/valet/server.php(133): require('/Users/rsa/Docu...')
#11 {main}
REQUEST_URI=/index.php?r=site/messageSave
HTTP_REFERER=http://flight.test/
---
2018/08/06 11:03:55 [error] [system.db.CDbCommand] CDbCommand::fetchAll() failed: SQLSTATE[42S02]: Base table or view not found: 1146 Table 'mvt.message' doesn't exist. The SQL statement executed was: SHOW FULL COLUMNS FROM `Message`.
in /Users/rsa/Documents/lab/web/mvt/flight/protected/controllers/SiteController.php (164)
in /Users/rsa/Documents/lab/web/mvt/flight/protected/controllers/SiteController.php (12)
in /Users/rsa/Documents/lab/web/mvt/flight/index.php (13)
2018/08/06 11:03:55 [error] [exception.CDbException] CDbException: The table "Message" for active record class "Message" cannot be found in the database. in /Users/rsa/Documents/lab/web/mvt/yii/framework/db/ar/CActiveRecord.php:2390
Stack trace:
#0 /Users/rsa/Documents/lab/web/mvt/yii/framework/db/ar/CActiveRecord.php(413): CActiveRecordMetaData->__construct(Object(Message))
#1 /Users/rsa/Documents/lab/web/mvt/yii/framework/db/ar/CActiveRecord.php(79): CActiveRecord->getMetaData()
#2 /Users/rsa/Documents/lab/web/mvt/flight/protected/controllers/SiteController.php(164): CActiveRecord->__construct()
#3 /Users/rsa/Documents/lab/web/mvt/flight/protected/controllers/SiteController.php(12): SiteController->saveMessage('estimated time ...', '{"airlineCode":...')
#4 /Users/rsa/Documents/lab/web/mvt/yii/framework/web/actions/CInlineAction.php(49): SiteController->actionMessageSave()
#5 /Users/rsa/Documents/lab/web/mvt/yii/framework/web/CController.php(308): CInlineAction->runWithParams(Array)
#6 /Users/rsa/Documents/lab/web/mvt/yii/framework/web/CController.php(286): CController->runAction(Object(CInlineAction))
#7 /Users/rsa/Documents/lab/web/mvt/yii/framework/web/CController.php(265): CController->runActionWithFilters(Object(CInlineAction), Array)
#8 /Users/rsa/Documents/lab/web/mvt/yii/framework/web/CWebApplication.php(282): CController->run('messageSave')
#9 /Users/rsa/Documents/lab/web/mvt/yii/framework/web/CWebApplication.php(141): CWebApplication->runController('site/messageSav...')
#10 /Users/rsa/Documents/lab/web/mvt/yii/framework/base/CApplication.php(185): CWebApplication->processRequest()
#11 /Users/rsa/Documents/lab/web/mvt/flight/index.php(13): CApplication->run()
#12 /Users/rsa/.composer/vendor/laravel/valet/server.php(133): require('/Users/rsa/Docu...')
#13 {main}
REQUEST_URI=/index.php?r=site/messageSave
HTTP_REFERER=http://flight.test/
---
2018/08/06 11:04:15 [warning] [application] Failed to set unsafe attribute "type" of "Message".
in /Users/rsa/Documents/lab/web/mvt/flight/protected/controllers/SiteController.php (165)
in /Users/rsa/Documents/lab/web/mvt/flight/protected/controllers/SiteController.php (12)
in /Users/rsa/Documents/lab/web/mvt/flight/index.php (13)
2018/08/06 11:04:15 [warning] [application] Failed to set unsafe attribute "message" of "Message".
in /Users/rsa/Documents/lab/web/mvt/flight/protected/controllers/SiteController.php (165)
in /Users/rsa/Documents/lab/web/mvt/flight/protected/controllers/SiteController.php (12)
in /Users/rsa/Documents/lab/web/mvt/flight/index.php (13)
2018/08/06 11:04:15 [warning] [application] Failed to set unsafe attribute "date" of "Message".
in /Users/rsa/Documents/lab/web/mvt/flight/protected/controllers/SiteController.php (165)
in /Users/rsa/Documents/lab/web/mvt/flight/protected/controllers/SiteController.php (12)
in /Users/rsa/Documents/lab/web/mvt/flight/index.php (13)
2018/08/06 11:04:15 [error] [exception.CException] CException: Message and its behaviors do not have a method or closure named "save". in /Users/rsa/Documents/lab/web/mvt/yii/framework/base/CComponent.php:266
Stack trace:
#0 /Users/rsa/Documents/lab/web/mvt/flight/protected/controllers/SiteController.php(166): CComponent->__call('save', Array)
#1 /Users/rsa/Documents/lab/web/mvt/flight/protected/controllers/SiteController.php(12): SiteController->saveMessage('estimated time ...', '{"airlineCode":...')
#2 /Users/rsa/Documents/lab/web/mvt/yii/framework/web/actions/CInlineAction.php(49): SiteController->actionMessageSave()
#3 /Users/rsa/Documents/lab/web/mvt/yii/framework/web/CController.php(308): CInlineAction->runWithParams(Array)
#4 /Users/rsa/Documents/lab/web/mvt/yii/framework/web/CController.php(286): CController->runAction(Object(CInlineAction))
#5 /Users/rsa/Documents/lab/web/mvt/yii/framework/web/CController.php(265): CController->runActionWithFilters(Object(CInlineAction), Array)
#6 /Users/rsa/Documents/lab/web/mvt/yii/framework/web/CWebApplication.php(282): CController->run('messageSave')
#7 /Users/rsa/Documents/lab/web/mvt/yii/framework/web/CWebApplication.php(141): CWebApplication->runController('site/messageSav...')
#8 /Users/rsa/Documents/lab/web/mvt/yii/framework/base/CApplication.php(185): CWebApplication->processRequest()
#9 /Users/rsa/Documents/lab/web/mvt/flight/index.php(13): CApplication->run()
#10 /Users/rsa/.composer/vendor/laravel/valet/server.php(133): require('/Users/rsa/Docu...')
#11 {main}
REQUEST_URI=/index.php?r=site/messageSave
HTTP_REFERER=http://flight.test/
---
2018/08/06 11:09:08 [error] [system.db.CDbCommand] CDbCommand::fetchAll() failed: SQLSTATE[42S02]: Base table or view not found: 1146 Table 'mvt.message' doesn't exist. The SQL statement executed was: SHOW FULL COLUMNS FROM `Message`.
in /Users/rsa/Documents/lab/web/mvt/flight/protected/controllers/SiteController.php (164)
in /Users/rsa/Documents/lab/web/mvt/flight/protected/controllers/SiteController.php (12)
in /Users/rsa/Documents/lab/web/mvt/flight/index.php (13)
2018/08/06 11:09:08 [error] [exception.CDbException] CDbException: The table "Message" for active record class "Message" cannot be found in the database. in /Users/rsa/Documents/lab/web/mvt/yii/framework/db/ar/CActiveRecord.php:2390
Stack trace:
#0 /Users/rsa/Documents/lab/web/mvt/yii/framework/db/ar/CActiveRecord.php(413): CActiveRecordMetaData->__construct(Object(Message))
#1 /Users/rsa/Documents/lab/web/mvt/yii/framework/db/ar/CActiveRecord.php(79): CActiveRecord->getMetaData()
#2 /Users/rsa/Documents/lab/web/mvt/flight/protected/controllers/SiteController.php(164): CActiveRecord->__construct()
#3 /Users/rsa/Documents/lab/web/mvt/flight/protected/controllers/SiteController.php(12): SiteController->saveMessage('estimated time ...', '{"airlineCode":...')
#4 /Users/rsa/Documents/lab/web/mvt/yii/framework/web/actions/CInlineAction.php(49): SiteController->actionMessageSave()
#5 /Users/rsa/Documents/lab/web/mvt/yii/framework/web/CController.php(308): CInlineAction->runWithParams(Array)
#6 /Users/rsa/Documents/lab/web/mvt/yii/framework/web/CController.php(286): CController->runAction(Object(CInlineAction))
#7 /Users/rsa/Documents/lab/web/mvt/yii/framework/web/CController.php(265): CController->runActionWithFilters(Object(CInlineAction), Array)
#8 /Users/rsa/Documents/lab/web/mvt/yii/framework/web/CWebApplication.php(282): CController->run('messageSave')
#9 /Users/rsa/Documents/lab/web/mvt/yii/framework/web/CWebApplication.php(141): CWebApplication->runController('site/messageSav...')
#10 /Users/rsa/Documents/lab/web/mvt/yii/framework/base/CApplication.php(185): CWebApplication->processRequest()
#11 /Users/rsa/Documents/lab/web/mvt/flight/index.php(13): CApplication->run()
#12 /Users/rsa/.composer/vendor/laravel/valet/server.php(133): require('/Users/rsa/Docu...')
#13 {main}
REQUEST_URI=/index.php?r=site/messageSave
HTTP_REFERER=http://flight.test/
---
2018/08/06 11:10:23 [error] [php] include(Messages.php): failed to open stream: No such file or directory (/Users/rsa/Documents/lab/web/mvt/yii/framework/YiiBase.php:463)
Stack trace:
#0 /Users/rsa/Documents/lab/web/mvt/flight/protected/controllers/SiteController.php(164): spl_autoload_call()
#1 /Users/rsa/Documents/lab/web/mvt/flight/protected/controllers/SiteController.php(12): SiteController->saveMessage()
#2 /Users/rsa/Documents/lab/web/mvt/yii/framework/web/actions/CInlineAction.php(49): SiteController->actionMessageSave()
#3 /Users/rsa/Documents/lab/web/mvt/yii/framework/web/CController.php(308): CInlineAction->runWithParams()
#4 /Users/rsa/Documents/lab/web/mvt/yii/framework/web/CController.php(286): SiteController->runAction()
#5 /Users/rsa/Documents/lab/web/mvt/yii/framework/web/CController.php(265): SiteController->runActionWithFilters()
#6 /Users/rsa/Documents/lab/web/mvt/yii/framework/web/CWebApplication.php(282): SiteController->run()
#7 /Users/rsa/Documents/lab/web/mvt/yii/framework/web/CWebApplication.php(141): CWebApplication->runController()
#8 /Users/rsa/Documents/lab/web/mvt/yii/framework/base/CApplication.php(185): CWebApplication->processRequest()
#9 /Users/rsa/Documents/lab/web/mvt/flight/index.php(13): CWebApplication->run()
#10 /Users/rsa/.composer/vendor/laravel/valet/server.php(133): require()
REQUEST_URI=/index.php?r=site/messageSave
in /Users/rsa/Documents/lab/web/mvt/flight/protected/controllers/SiteController.php (164)
in /Users/rsa/Documents/lab/web/mvt/flight/protected/controllers/SiteController.php (12)
in /Users/rsa/Documents/lab/web/mvt/flight/index.php (13)
